<?xml version="1.0" encoding="UTF-8"?>
<!-- Generated by org.testng.reporters.JUnitXMLReporter -->
<testsuite ignored="0" hostname="BLRL-CFN8S73" failures="0" tests="5" name="Default test" time="54.224" errors="0" timestamp="2021-08-14T16:36:49 IST">
  <testcase classname="com.sg.test.LoginTest" name="invalidCredentialTest" time="1.599"/>
  <testcase classname="com.sg.test.LoginTest" name="invalidCredentialTest" time="1.582"/>
  <testcase classname="com.sg.test.LoginTest" name="validCredentialTest" time="4.583"/>
  <testcase classname="com.sg.test.LoginTest" name="validCredentialTest" time="14.908"/>
  <testcase classname="com.sg.test.LoginTest" name="validCredentialTest" time="5.234"/>
</testsuite> <!-- Default test -->
