<?xml version="1.0" encoding="UTF-8"?>
<testng-results ignored="0" total="1" passed="1" failed="0" skipped="0">
  <reporter-output>
  </reporter-output>
  <suite started-at="2021-08-14T09:37:13 IST" name="Default suite" finished-at="2021-08-14T09:38:17 IST" duration-ms="64458">
    <groups>
    </groups>
    <test started-at="2021-08-14T09:37:13 IST" name="Default test" finished-at="2021-08-14T09:38:17 IST" duration-ms="64458">
      <class name="com.sg.test.PatientTest">
        <test-method is-config="true" signature="setup()[pri:0, instance:com.sg.test.PatientTest@306f16f3]" started-at="2021-08-14T09:37:13 IST" name="setup" finished-at="2021-08-14T09:37:40 IST" duration-ms="26684" status="PASS">
          <reporter-output>
          </reporter-output>
        </test-method> <!-- setup -->
        <test-method signature="addPatient()[pri:0, instance:com.sg.test.PatientTest@306f16f3]" started-at="2021-08-14T09:37:40 IST" name="addPatient" finished-at="2021-08-14T09:38:17 IST" duration-ms="37514" status="PASS">
          <reporter-output>
          </reporter-output>
        </test-method> <!-- addPatient -->
        <test-method is-config="true" signature="tearDown()[pri:0, instance:com.sg.test.PatientTest@306f16f3]" started-at="2021-08-14T09:38:17 IST" name="tearDown" finished-at="2021-08-14T09:38:17 IST" duration-ms="224" status="PASS">
          <reporter-output>
          </reporter-output>
        </test-method> <!-- tearDown -->
      </class> <!-- com.sg.test.PatientTest -->
    </test> <!-- Default test -->
  </suite> <!-- Default suite -->
</testng-results>
