<?xml version="1.0" encoding="UTF-8"?>
<!-- Generated by org.testng.reporters.JUnitXMLReporter -->
<testsuite ignored="0" hostname="BLRL-CFN8S73" failures="0" tests="5" name="Login Test" time="72.956" errors="0" timestamp="2021-08-14T17:20:53 IST">
  <testcase classname="com.sg.test.LoginTest" name="invalidCredentialTest" time="2.485"/>
  <testcase classname="com.sg.test.LoginTest" name="invalidCredentialTest" time="1.747"/>
  <testcase classname="com.sg.test.LoginTest" name="validCredentialTest" time="4.758"/>
  <testcase classname="com.sg.test.LoginTest" name="validCredentialTest" time="5.092"/>
  <testcase classname="com.sg.test.LoginTest" name="validCredentialTest" time="4.409"/>
</testsuite> <!-- Login Test -->
